<?xml version="1.0" encoding="UTF-8"?>
<!-- Generated by org.testng.reporters.JUnitReportReporter -->
<testsuite hostname="acer" failures="0" tests="1" name="com.OwnerRestController.Owner_Controller" time="4.637" errors="0" timestamp="2020-12-12T21:59:35 IST" skipped="0">
  <testcase classname="com.OwnerRestController.Owner_Controller" name="test_01" time="4.637"/>
  <system-out/>
</testsuite> <!-- com.OwnerRestController.Owner_Controller -->
