<?xml version="1.0" encoding="UTF-8"?>
<!-- Generated by org.testng.reporters.JUnitReportReporter -->
<testsuite hostname="acer" failures="0" tests="1" name="com.OwnerRestController.Petclinic_Put_request" time="3.495" errors="0" timestamp="2020-12-12T14:48:24 IST" skipped="0">
  <testcase classname="com.OwnerRestController.Petclinic_Put_request" name="test_03" time="3.495"/>
  <system-out/>
</testsuite> <!-- com.OwnerRestController.Petclinic_Put_request -->
